<?xml version="1.0" encoding="UTF-8"?>
<!-- Generated by org.testng.reporters.JUnitXMLReporter -->
<testsuite ignored="0" hostname="DESKTOP-A90F7ST" failures="0" tests="5" name="ChromeBrowser" time="115.843" errors="0" timestamp="2024-03-08T23:39:42 IST">
  <testcase classname="HomePageModule.HomePage_Item_Checkout" name="homePageAddItemCheckOutTest" time="35.212"/>
  <testcase classname="HomePageModule.LoginwithApp" name="logOutToAppTest" time="14.463"/>
  <testcase classname="HomePageModule.LoginwithApp" name="loginToAppTest" time="12.504"/>
  <testcase classname="HomePageModule.HomePagewithThreeSlidders" name="HomePagecaseTest" time="12.809"/>
  <testcase classname="HomePageModule.ResgisterNewUser" name="registerNewUserTest" time="11.557"/>
</testsuite> <!-- ChromeBrowser -->
