<?xml version="1.0" encoding="UTF-8"?>
<!-- Generated by org.testng.reporters.JUnitXMLReporter -->
<testsuite ignored="0" hostname="DESKTOP-A90F7ST" failures="0" tests="5" name="firefox" time="159.244" errors="0" timestamp="2024-03-08T23:40:25 IST">
  <testcase classname="HomePageModule.HomePage_Item_Checkout" name="homePageAddItemCheckOutTest" time="28.002"/>
  <testcase classname="HomePageModule.LoginwithApp" name="logOutToAppTest" time="14.959"/>
  <testcase classname="HomePageModule.LoginwithApp" name="loginToAppTest" time="10.858"/>
  <testcase classname="HomePageModule.HomePagewithThreeSlidders" name="HomePagecaseTest" time="8.746"/>
  <testcase classname="HomePageModule.ResgisterNewUser" name="registerNewUserTest" time="6.765"/>
</testsuite> <!-- firefox -->
