<?xml version="1.0" encoding="UTF-8"?>
<!-- Generated by org.testng.reporters.JUnitXMLReporter -->
<testsuite ignored="3" hostname="DESKTOP-A90F7ST" failures="0" tests="2" name="Test" time="23.917" errors="0" timestamp="2024-03-08T23:17:45 IST">
  <testcase classname="HomePageModule.HomePage_Item_Checkout" name="homePageAddItemCheckOutTest" time="12.055"/>
  <testcase classname="HomePageModule.ResgisterNewUser" name="registerNewUserTest" time="6.444"/>
  <testcase classname="HomePageModule.HomePagewithThreeSlidders" name="HomePagecaseTest" time="0.0">
    <ignored/>
  </testcase> <!-- HomePagecaseTest -->
  <testcase classname="HomePageModule.LoginwithApp" name="loginToAppTest" time="0.0">
    <ignored/>
  </testcase> <!-- loginToAppTest -->
  <testcase classname="HomePageModule.LoginwithApp" name="logOutToAppTest" time="0.0">
    <ignored/>
  </testcase> <!-- logOutToAppTest -->
</testsuite> <!-- Test -->
