<?xml version="1.0" encoding="UTF-8"?>
<testng-results ignored="0" total="6" passed="5" failed="1" skipped="0">
  <reporter-output>
  </reporter-output>
  <suite started-at="2024-03-05T11:20:49 IST" name="Suite" finished-at="2024-03-05T11:21:50 IST" duration-ms="61866">
    <groups>
      <group name="smokeTest">
        <method signature="HomePage_Item_Checkout.homePageAddItemCheckOutTest()[pri:0, instance:HomePageModule.HomePage_Item_Checkout@158d2680]" name="homePageAddItemCheckOutTest" class="HomePageModule.HomePage_Item_Checkout"/>
        <method signature="ResgisterNewUser.registerNewUserTest()[pri:0, instance:HomePageModule.ResgisterNewUser@223191a6]" name="registerNewUserTest" class="HomePageModule.ResgisterNewUser"/>
      </group> <!-- smokeTest -->
    </groups>
    <test started-at="2024-03-05T11:20:49 IST" name="Test" finished-at="2024-03-05T11:21:50 IST" duration-ms="61866">
      <class name="HomePageModule.ResgisterNewUser">
        <test-method is-config="true" signature="beforeClassConfig()[pri:0, instance:HomePageModule.ResgisterNewUser@223191a6]" started-at="2024-03-05T11:21:43 IST" name="beforeClassConfig" finished-at="2024-03-05T11:21:43 IST" duration-ms="0" status="PASS">
          <reporter-output>
          </reporter-output>
        </test-method> <!-- beforeClassConfig -->
        <test-method is-config="true" signature="beforeMethodConfig()[pri:0, instance:HomePageModule.ResgisterNewUser@223191a6]" started-at="2024-03-05T11:21:43 IST" name="beforeMethodConfig" finished-at="2024-03-05T11:21:44 IST" duration-ms="1396" status="PASS">
          <reporter-output>
          </reporter-output>
        </test-method> <!-- beforeMethodConfig -->
        <test-method signature="registerNewUserTest()[pri:0, instance:HomePageModule.ResgisterNewUser@223191a6]" started-at="2024-03-05T11:21:44 IST" name="registerNewUserTest" finished-at="2024-03-05T11:21:50 IST" duration-ms="6014" status="PASS">
          <reporter-output>
          </reporter-output>
        </test-method> <!-- registerNewUserTest -->
        <test-method is-config="true" signature="AfterMethodconfig()[pri:0, instance:HomePageModule.ResgisterNewUser@223191a6]" started-at="2024-03-05T11:21:50 IST" name="AfterMethodconfig" finished-at="2024-03-05T11:21:50 IST" duration-ms="220" status="PASS">
          <reporter-output>
          </reporter-output>
        </test-method> <!-- AfterMethodconfig -->
        <test-method is-config="true" signature="AfterClassConfig()[pri:0, instance:HomePageModule.ResgisterNewUser@223191a6]" started-at="2024-03-05T11:21:50 IST" name="AfterClassConfig" finished-at="2024-03-05T11:21:50 IST" duration-ms="1" status="PASS">
          <reporter-output>
          </reporter-output>
        </test-method> <!-- AfterClassConfig -->
      </class> <!-- HomePageModule.ResgisterNewUser -->
      <class name="HomePageModule.HomePage_Item_Checkout">
        <test-method is-config="true" signature="beforeClassConfig()[pri:0, instance:HomePageModule.HomePage_Item_Checkout@158d2680]" started-at="2024-03-05T11:20:49 IST" name="beforeClassConfig" finished-at="2024-03-05T11:20:49 IST" duration-ms="13" status="PASS">
          <reporter-output>
          </reporter-output>
        </test-method> <!-- beforeClassConfig -->
        <test-method is-config="true" signature="beforeMethodConfig()[pri:0, instance:HomePageModule.HomePage_Item_Checkout@158d2680]" started-at="2024-03-05T11:20:49 IST" name="beforeMethodConfig" finished-at="2024-03-05T11:20:54 IST" duration-ms="5176" status="PASS">
          <reporter-output>
          </reporter-output>
        </test-method> <!-- beforeMethodConfig -->
        <test-method signature="homePageAddItemCheckOutTest()[pri:0, instance:HomePageModule.HomePage_Item_Checkout@158d2680]" started-at="2024-03-05T11:20:54 IST" name="homePageAddItemCheckOutTest" finished-at="2024-03-05T11:21:09 IST" duration-ms="15244" status="PASS">
          <reporter-output>
          </reporter-output>
        </test-method> <!-- homePageAddItemCheckOutTest -->
        <test-method is-config="true" signature="AfterMethodconfig()[pri:0, instance:HomePageModule.HomePage_Item_Checkout@158d2680]" started-at="2024-03-05T11:21:09 IST" name="AfterMethodconfig" finished-at="2024-03-05T11:21:09 IST" duration-ms="328" status="PASS">
          <reporter-output>
          </reporter-output>
        </test-method> <!-- AfterMethodconfig -->
        <test-method is-config="true" signature="AfterClassConfig()[pri:0, instance:HomePageModule.HomePage_Item_Checkout@158d2680]" started-at="2024-03-05T11:21:09 IST" name="AfterClassConfig" finished-at="2024-03-05T11:21:09 IST" duration-ms="0" status="PASS">
          <reporter-output>
          </reporter-output>
        </test-method> <!-- AfterClassConfig -->
      </class> <!-- HomePageModule.HomePage_Item_Checkout -->
      <class name="HomePageModule.HomePagewithThreeSlidders">
        <test-method is-config="true" signature="beforeClassConfig()[pri:0, instance:HomePageModule.HomePagewithThreeSlidders@6adbc9d]" started-at="2024-03-05T11:21:09 IST" name="beforeClassConfig" finished-at="2024-03-05T11:21:09 IST" duration-ms="1" status="PASS">
          <reporter-output>
          </reporter-output>
        </test-method> <!-- beforeClassConfig -->
        <test-method is-config="true" signature="beforeMethodConfig()[pri:0, instance:HomePageModule.HomePagewithThreeSlidders@6adbc9d]" started-at="2024-03-05T11:21:09 IST" name="beforeMethodConfig" finished-at="2024-03-05T11:21:11 IST" duration-ms="1683" status="PASS">
          <reporter-output>
          </reporter-output>
        </test-method> <!-- beforeMethodConfig -->
        <test-method signature="HomePagecaseTest()[pri:0, instance:HomePageModule.HomePagewithThreeSlidders@6adbc9d]" started-at="2024-03-05T11:21:11 IST" name="HomePagecaseTest" finished-at="2024-03-05T11:21:18 IST" duration-ms="7103" status="PASS">
          <reporter-output>
          </reporter-output>
        </test-method> <!-- HomePagecaseTest -->
        <test-method is-config="true" signature="AfterMethodconfig()[pri:0, instance:HomePageModule.HomePagewithThreeSlidders@6adbc9d]" started-at="2024-03-05T11:21:18 IST" name="AfterMethodconfig" finished-at="2024-03-05T11:21:18 IST" duration-ms="252" status="PASS">
          <reporter-output>
          </reporter-output>
        </test-method> <!-- AfterMethodconfig -->
        <test-method is-config="true" signature="AfterClassConfig()[pri:0, instance:HomePageModule.HomePagewithThreeSlidders@6adbc9d]" started-at="2024-03-05T11:21:18 IST" name="AfterClassConfig" finished-at="2024-03-05T11:21:18 IST" duration-ms="1" status="PASS">
          <reporter-output>
          </reporter-output>
        </test-method> <!-- AfterClassConfig -->
      </class> <!-- HomePageModule.HomePagewithThreeSlidders -->
      <class name="HomePageModule.LoginwithApp">
        <test-method is-config="true" signature="beforeClassConfig()[pri:0, instance:HomePageModule.LoginwithApp@4550bb58]" started-at="2024-03-05T11:21:18 IST" name="beforeClassConfig" finished-at="2024-03-05T11:21:18 IST" duration-ms="1" status="PASS">
          <reporter-output>
          </reporter-output>
        </test-method> <!-- beforeClassConfig -->
        <test-method is-config="true" signature="beforeMethodConfig()[pri:0, instance:HomePageModule.LoginwithApp@4550bb58]" started-at="2024-03-05T11:21:18 IST" name="beforeMethodConfig" finished-at="2024-03-05T11:21:20 IST" duration-ms="1494" status="PASS">
          <reporter-output>
          </reporter-output>
        </test-method> <!-- beforeMethodConfig -->
        <test-method signature="logOutToAppTest()[pri:0, instance:HomePageModule.LoginwithApp@4550bb58]" started-at="2024-03-05T11:21:20 IST" name="logOutToAppTest" finished-at="2024-03-05T11:21:28 IST" duration-ms="8034" status="PASS">
          <reporter-output>
          </reporter-output>
        </test-method> <!-- logOutToAppTest -->
        <test-method is-config="true" signature="AfterMethodconfig()[pri:0, instance:HomePageModule.LoginwithApp@4550bb58]" started-at="2024-03-05T11:21:28 IST" name="AfterMethodconfig" finished-at="2024-03-05T11:21:28 IST" duration-ms="234" status="PASS">
          <reporter-output>
          </reporter-output>
        </test-method> <!-- AfterMethodconfig -->
        <test-method is-config="true" signature="beforeMethodConfig()[pri:0, instance:HomePageModule.LoginwithApp@4550bb58]" started-at="2024-03-05T11:21:28 IST" name="beforeMethodConfig" finished-at="2024-03-05T11:21:30 IST" duration-ms="1505" status="PASS">
          <reporter-output>
          </reporter-output>
        </test-method> <!-- beforeMethodConfig -->
        <test-method signature="loginToAppTest()[pri:0, instance:HomePageModule.LoginwithApp@4550bb58]" started-at="2024-03-05T11:21:30 IST" name="loginToAppTest" finished-at="2024-03-05T11:21:36 IST" duration-ms="6656" status="PASS">
          <reporter-output>
          </reporter-output>
        </test-method> <!-- loginToAppTest -->
        <test-method is-config="true" signature="AfterMethodconfig()[pri:0, instance:HomePageModule.LoginwithApp@4550bb58]" started-at="2024-03-05T11:21:36 IST" name="AfterMethodconfig" finished-at="2024-03-05T11:21:37 IST" duration-ms="296" status="PASS">
          <reporter-output>
          </reporter-output>
        </test-method> <!-- AfterMethodconfig -->
        <test-method is-config="true" signature="AfterClassConfig()[pri:0, instance:HomePageModule.LoginwithApp@4550bb58]" started-at="2024-03-05T11:21:37 IST" name="AfterClassConfig" finished-at="2024-03-05T11:21:37 IST" duration-ms="1" status="PASS">
          <reporter-output>
          </reporter-output>
        </test-method> <!-- AfterClassConfig -->
      </class> <!-- HomePageModule.LoginwithApp -->
      <class name="HomePageModule.MakeFail">
        <test-method is-config="true" signature="beforeClassConfig()[pri:0, instance:HomePageModule.MakeFail@4ec4f3a0]" started-at="2024-03-05T11:21:37 IST" name="beforeClassConfig" finished-at="2024-03-05T11:21:37 IST" duration-ms="1" status="PASS">
          <reporter-output>
          </reporter-output>
        </test-method> <!-- beforeClassConfig -->
        <test-method is-config="true" signature="beforeMethodConfig()[pri:0, instance:HomePageModule.MakeFail@4ec4f3a0]" started-at="2024-03-05T11:21:37 IST" name="beforeMethodConfig" finished-at="2024-03-05T11:21:38 IST" duration-ms="1381" status="PASS">
          <reporter-output>
          </reporter-output>
        </test-method> <!-- beforeMethodConfig -->
        <test-method signature="makeFailTest()[pri:0, instance:HomePageModule.MakeFail@4ec4f3a0]" started-at="2024-03-05T11:21:38 IST" name="makeFailTest" finished-at="2024-03-05T11:21:42 IST" duration-ms="4000" status="FAIL">
          <exception class="java.lang.AssertionError">
            <message>
              <![CDATA[null]]>
            </message>
            <full-stacktrace>
              <![CDATA[java.lang.AssertionError: null
at org.testng.Assert.fail(Assert.java:99)
at org.testng.Assert.fail(Assert.java:106)
at HomePageModule.MakeFail.makeFailTest(MakeFail.java:27)
at java.base/jdk.internal.reflect.DirectMethodHandleAccessor.invoke(DirectMethodHandleAccessor.java:103)
at java.base/java.lang.reflect.Method.invoke(Method.java:580)
at org.testng.internal.MethodInvocationHelper.invokeMethod(MethodInvocationHelper.java:133)
at org.testng.internal.TestInvoker.invokeMethod(TestInvoker.java:598)
at org.testng.internal.TestInvoker.invokeTestMethod(TestInvoker.java:173)
at org.testng.internal.MethodRunner.runInSequence(MethodRunner.java:46)
at org.testng.internal.TestInvoker$MethodInvocationAgent.invoke(TestInvoker.java:824)
at org.testng.internal.TestInvoker.invokeTestMethods(TestInvoker.java:146)
at org.testng.internal.TestMethodWorker.invokeTestMethods(TestMethodWorker.java:146)
at org.testng.internal.TestMethodWorker.run(TestMethodWorker.java:128)
at java.base/java.util.ArrayList.forEach(ArrayList.java:1596)
at org.testng.TestRunner.privateRun(TestRunner.java:794)
at org.testng.TestRunner.run(TestRunner.java:596)
at org.testng.SuiteRunner.runTest(SuiteRunner.java:377)
at org.testng.SuiteRunner.runSequentially(SuiteRunner.java:371)
at org.testng.SuiteRunner.privateRun(SuiteRunner.java:332)
at org.testng.SuiteRunner.run(SuiteRunner.java:276)
at org.testng.SuiteRunnerWorker.runSuite(SuiteRunnerWorker.java:53)
at org.testng.SuiteRunnerWorker.run(SuiteRunnerWorker.java:96)
at org.testng.TestNG.runSuitesSequentially(TestNG.java:1212)
at org.testng.TestNG.runSuitesLocally(TestNG.java:1134)
at org.testng.TestNG.runSuites(TestNG.java:1063)
at org.testng.TestNG.run(TestNG.java:1031)
at org.testng.remote.AbstractRemoteTestNG.run(AbstractRemoteTestNG.java:115)
at org.testng.remote.RemoteTestNG.initAndRun(RemoteTestNG.java:251)
at org.testng.remote.RemoteTestNG.main(RemoteTestNG.java:77)
]]>
            </full-stacktrace>
          </exception> <!-- java.lang.AssertionError -->
          <reporter-output>
          </reporter-output>
        </test-method> <!-- makeFailTest -->
        <test-method is-config="true" signature="AfterMethodconfig()[pri:0, instance:HomePageModule.MakeFail@4ec4f3a0]" started-at="2024-03-05T11:21:43 IST" name="AfterMethodconfig" finished-at="2024-03-05T11:21:43 IST" duration-ms="293" status="PASS">
          <reporter-output>
          </reporter-output>
        </test-method> <!-- AfterMethodconfig -->
        <test-method is-config="true" signature="AfterClassConfig()[pri:0, instance:HomePageModule.MakeFail@4ec4f3a0]" started-at="2024-03-05T11:21:43 IST" name="AfterClassConfig" finished-at="2024-03-05T11:21:43 IST" duration-ms="4" status="PASS">
          <reporter-output>
          </reporter-output>
        </test-method> <!-- AfterClassConfig -->
      </class> <!-- HomePageModule.MakeFail -->
    </test> <!-- Test -->
  </suite> <!-- Suite -->
</testng-results>
