<?xml version="1.0" encoding="UTF-8"?>
<testng-results ignored="0" total="1" passed="1" failed="0" skipped="0">
  <reporter-output>
  </reporter-output>
  <suite started-at="2024-03-08T23:58:03 IST" name="Default suite" finished-at="2024-03-08T23:58:16 IST" duration-ms="13431">
    <groups>
      <group name="smokeTest">
        <method signature="ResgisterNewUser.registerNewUserTest()[pri:0, instance:HomePageModule.ResgisterNewUser@436813f3]" name="registerNewUserTest" class="HomePageModule.ResgisterNewUser"/>
      </group> <!-- smokeTest -->
    </groups>
    <test started-at="2024-03-08T23:58:03 IST" name="Default test" finished-at="2024-03-08T23:58:16 IST" duration-ms="13431">
      <class name="HomePageModule.ResgisterNewUser">
        <test-method is-config="true" signature="beforeClassConfig()[pri:0, instance:HomePageModule.ResgisterNewUser@436813f3]" started-at="2024-03-08T23:58:03 IST" name="beforeClassConfig" finished-at="2024-03-08T23:58:03 IST" duration-ms="14" status="PASS">
          <reporter-output>
          </reporter-output>
        </test-method> <!-- beforeClassConfig -->
        <test-method is-config="true" signature="beforeMethodConfig()[pri:0, instance:HomePageModule.ResgisterNewUser@436813f3]" started-at="2024-03-08T23:58:03 IST" name="beforeMethodConfig" finished-at="2024-03-08T23:58:08 IST" duration-ms="4705" status="PASS">
          <reporter-output>
          </reporter-output>
        </test-method> <!-- beforeMethodConfig -->
        <test-method signature="registerNewUserTest()[pri:0, instance:HomePageModule.ResgisterNewUser@436813f3]" started-at="2024-03-08T23:58:08 IST" name="registerNewUserTest" finished-at="2024-03-08T23:58:16 IST" duration-ms="8330" status="PASS">
          <reporter-output>
          </reporter-output>
        </test-method> <!-- registerNewUserTest -->
        <test-method is-config="true" signature="AfterMethodconfig()[pri:0, instance:HomePageModule.ResgisterNewUser@436813f3]" started-at="2024-03-08T23:58:16 IST" name="AfterMethodconfig" finished-at="2024-03-08T23:58:16 IST" duration-ms="307" status="PASS">
          <reporter-output>
          </reporter-output>
        </test-method> <!-- AfterMethodconfig -->
        <test-method is-config="true" signature="AfterClassConfig()[pri:0, instance:HomePageModule.ResgisterNewUser@436813f3]" started-at="2024-03-08T23:58:16 IST" name="AfterClassConfig" finished-at="2024-03-08T23:58:16 IST" duration-ms="1" status="PASS">
          <reporter-output>
          </reporter-output>
        </test-method> <!-- AfterClassConfig -->
      </class> <!-- HomePageModule.ResgisterNewUser -->
    </test> <!-- Default test -->
  </suite> <!-- Default suite -->
</testng-results>
